<?xml version="1.0" encoding="UTF-8"?>
<!-- Generated by org.testng.reporters.JUnitXMLReporter -->
<testsuite hostname="SRAVAN-PC" failures="2" tests="3" name="IE_Windows10_Test" time="33.624" errors="0" timestamp="21 Jan 2024 14:56:01 GMT">
  <testcase classname="com.lamdatest.tests.LamdaCerificationAssesmentTest" name="Scenario_FormSubmitTest" time="2.882">
    <failure type="java.lang.AssertionError" message="expected [true] but found [false]">
      <![CDATA[java.lang.AssertionError: expected [true] but found [false]
	at com.lamdatest.tests.LamdaCerificationAssesmentTest.Scenario_FormSubmitTest(LamdaCerificationAssesmentTest.java:65)
	at java.base/java.util.concurrent.ThreadPoolExecutor.runWorker(ThreadPoolExecutor.java:1128)
	at java.base/java.util.concurrent.ThreadPoolExecutor$Worker.run(ThreadPoolExecutor.java:628)
	at java.base/java.lang.Thread.run(Thread.java:834)
... Removed 14 stack frames]]>
    </failure>
  </testcase> <!-- Scenario_FormSubmitTest -->
  <testcase classname="com.lamdatest.tests.LamdaCerificationAssesmentTest" name="Scenario_SimpleformdemoTest" time="3.841"/>
  <testcase classname="com.lamdatest.tests.LamdaCerificationAssesmentTest" name="Scenario_DragandDropTest" time="2.903">
    <failure type="java.lang.AssertionError" message="expected [95] but found [51]">
      <![CDATA[java.lang.AssertionError: expected [95] but found [51]
	at com.lamdatest.tests.LamdaCerificationAssesmentTest.Scenario_DragandDropTest(LamdaCerificationAssesmentTest.java:50)
	at java.base/java.util.concurrent.ThreadPoolExecutor.runWorker(ThreadPoolExecutor.java:1128)
	at java.base/java.util.concurrent.ThreadPoolExecutor$Worker.run(ThreadPoolExecutor.java:628)
	at java.base/java.lang.Thread.run(Thread.java:834)
... Removed 15 stack frames]]>
    </failure>
  </testcase> <!-- Scenario_DragandDropTest -->
</testsuite> <!-- IE_Windows10_Test -->
