<!DOCTYPE html PUBLIC "-//W3C//DTD XHTML 1.1//EN" "http://www.w3.org/TR/xhtml11/DTD/xhtml11.dtd">
<html xmlns="http://www.w3.org/1999/xhtml"><head><title>TestNG Report</title><style type="text/css">table {margin-bottom:10px;border-collapse:collapse;empty-cells:show}th,td {border:1px solid #009;padding:.25em .5em}th {vertical-align:bottom}td {vertical-align:top}table a {font-weight:bold}.stripe td {background-color: #E6EBF9}.num {text-align:right}.passedodd td {background-color: #3F3}.passedeven td {background-color: #0A0}.skippedodd td {background-color: #DDD}.skippedeven td {background-color: #CCC}.failedodd td,.attn {background-color: #F33}.failedeven td,.stripe .attn {background-color: #D00}.stacktrace {white-space:pre;font-family:monospace}.totop {font-size:85%;text-align:center;border-bottom:2px solid #000}</style></head><body><table><tr><th>Test</th><th># Passed</th><th># Skipped</th><th># Failed</th><th>Time (ms)</th><th>Included Groups</th><th>Excluded Groups</th></tr><tr><th colspan="7">LamdaTestSuite</th></tr><tr><td><a href="#t0">Chrome_Windows10_Test</a></td><td class="num">3</td><td class="num">0</td><td class="num">0</td><td class="num">70,759</td><td></td><td></td></tr><tr class="stripe"><td><a href="#t1">Edge_Mac_Test</a></td><td class="num">3</td><td class="num">0</td><td class="num">0</td><td class="num">42,602</td><td></td><td></td></tr><tr><td><a href="#t2">Firefox_Windows7_Test</a></td><td class="num">3</td><td class="num">0</td><td class="num">0</td><td class="num">34,321</td><td></td><td></td></tr><tr class="stripe"><td><a href="#t3">IE_Windows10_Test</a></td><td class="num">1</td><td class="num">0</td><td class="num attn">2</td><td class="num">33,624</td><td></td><td></td></tr><tr><th>Total</th><th class="num">10</th><th class="num">0</th><th class="num attn">2</th><th class="num">181,306</th><th colspan="2"></th></tr></table><table><thead><tr><th>Class</th><th>Method</th><th>Start</th><th>Time (ms)</th></tr></thead><tbody><tr><th colspan="4">LamdaTestSuite</th></tr></tbody><tbody id="t0"><tr><th colspan="4">Chrome_Windows10_Test &#8212; passed</th></tr><tr class="passedeven"><td rowspan="3">com.lamdatest.tests.LamdaCerificationAssesmentTest</td><td><a href="#m0">Scenario_DragandDropTest</a></td><td rowspan="1">1705848817423</td><td rowspan="1">2540</td></tr><tr class="passedeven"><td><a href="#m1">Scenario_FormSubmitTest</a></td><td rowspan="1">1705848837813</td><td rowspan="1">12498</td></tr><tr class="passedeven"><td><a href="#m2">Scenario_SimpleformdemoTest</a></td><td rowspan="1">1705848801375</td><td rowspan="1">3625</td></tr></tbody><tbody id="t1"><tr><th colspan="4">Edge_Mac_Test &#8212; passed</th></tr><tr class="passedeven"><td rowspan="3">com.lamdatest.tests.LamdaCerificationAssesmentTest</td><td><a href="#m3">Scenario_DragandDropTest</a></td><td rowspan="1">1705848866522</td><td rowspan="1">2631</td></tr><tr class="passedeven"><td><a href="#m4">Scenario_FormSubmitTest</a></td><td rowspan="1">1705848881269</td><td rowspan="1">11873</td></tr><tr class="passedeven"><td><a href="#m5">Scenario_SimpleformdemoTest</a></td><td rowspan="1">1705848864287</td><td rowspan="1">3139</td></tr></tbody><tbody id="t2"><tr><th colspan="4">Firefox_Windows7_Test &#8212; passed</th></tr><tr class="passedeven"><td rowspan="3">com.lamdatest.tests.LamdaCerificationAssesmentTest</td><td><a href="#m6">Scenario_DragandDropTest</a></td><td rowspan="1">1705848906180</td><td rowspan="1">1941</td></tr><tr class="passedeven"><td><a href="#m7">Scenario_FormSubmitTest</a></td><td rowspan="1">1705848911929</td><td rowspan="1">10874</td></tr><tr class="passedeven"><td><a href="#m8">Scenario_SimpleformdemoTest</a></td><td rowspan="1">1705848924616</td><td rowspan="1">2577</td></tr></tbody><tbody id="t3"><tr><th colspan="4">IE_Windows10_Test &#8212; failed</th></tr><tr class="failedeven"><td rowspan="2">com.lamdatest.tests.LamdaCerificationAssesmentTest</td><td><a href="#m9">Scenario_DragandDropTest</a></td><td rowspan="1">1705848958308</td><td rowspan="1">2903</td></tr><tr class="failedeven"><td><a href="#m10">Scenario_FormSubmitTest</a></td><td rowspan="1">1705848936135</td><td rowspan="1">2882</td></tr><tr><th colspan="4">IE_Windows10_Test &#8212; passed</th></tr><tr class="passedeven"><td rowspan="1">com.lamdatest.tests.LamdaCerificationAssesmentTest</td><td><a href="#m11">Scenario_SimpleformdemoTest</a></td><td rowspan="1">1705848948771</td><td rowspan="1">3841</td></tr></tbody></table><h2>Chrome_Windows10_Test</h2><h3 id="m0">com.lamdatest.tests.LamdaCerificationAssesmentTest#Scenario_DragandDropTest</h3><table class="result"><tr><th>Messages</th></tr><tr><td><div class="messages">Successfully drag and dropped to 95 Value</div></td></tr></table><p class="totop"><a href="#summary">back to summary</a></p><h3 id="m1">com.lamdatest.tests.LamdaCerificationAssesmentTest#Scenario_FormSubmitTest</h3><table class="result"><tr><th>Messages</th></tr><tr><td><div class="messages">Thanks for contacting us, we will get back to you shortly. is Displayed</div></td></tr></table><p class="totop"><a href="#summary">back to summary</a></p><h3 id="m2">com.lamdatest.tests.LamdaCerificationAssesmentTest#Scenario_SimpleformdemoTest</h3><table class="result"><tr><th>Messages</th></tr><tr><td><div class="messages">Successfully navigated to simple-form-demo page<br/>Value Entered Welcome to LambdaTest is successfully reflected as same in your message section</div></td></tr></table><p class="totop"><a href="#summary">back to summary</a></p><h2>Edge_Mac_Test</h2><h3 id="m3">com.lamdatest.tests.LamdaCerificationAssesmentTest#Scenario_DragandDropTest</h3><table class="result"><tr><th>Messages</th></tr><tr><td><div class="messages">Successfully drag and dropped to 95 Value</div></td></tr></table><p class="totop"><a href="#summary">back to summary</a></p><h3 id="m4">com.lamdatest.tests.LamdaCerificationAssesmentTest#Scenario_FormSubmitTest</h3><table class="result"><tr><th>Messages</th></tr><tr><td><div class="messages">Thanks for contacting us, we will get back to you shortly. is Displayed</div></td></tr></table><p class="totop"><a href="#summary">back to summary</a></p><h3 id="m5">com.lamdatest.tests.LamdaCerificationAssesmentTest#Scenario_SimpleformdemoTest</h3><table class="result"><tr><th>Messages</th></tr><tr><td><div class="messages">Successfully navigated to simple-form-demo page<br/>Value Entered Welcome to LambdaTest is successfully reflected as same in your message section</div></td></tr></table><p class="totop"><a href="#summary">back to summary</a></p><h2>Firefox_Windows7_Test</h2><h3 id="m6">com.lamdatest.tests.LamdaCerificationAssesmentTest#Scenario_DragandDropTest</h3><table class="result"><tr><th>Messages</th></tr><tr><td><div class="messages">Successfully drag and dropped to 95 Value</div></td></tr></table><p class="totop"><a href="#summary">back to summary</a></p><h3 id="m7">com.lamdatest.tests.LamdaCerificationAssesmentTest#Scenario_FormSubmitTest</h3><table class="result"><tr><th>Messages</th></tr><tr><td><div class="messages">Thanks for contacting us, we will get back to you shortly. is Displayed</div></td></tr></table><p class="totop"><a href="#summary">back to summary</a></p><h3 id="m8">com.lamdatest.tests.LamdaCerificationAssesmentTest#Scenario_SimpleformdemoTest</h3><table class="result"><tr><th>Messages</th></tr><tr><td><div class="messages">Successfully navigated to simple-form-demo page<br/>Value Entered Welcome to LambdaTest is successfully reflected as same in your message section</div></td></tr></table><p class="totop"><a href="#summary">back to summary</a></p><h2>IE_Windows10_Test</h2><h3 id="m9">com.lamdatest.tests.LamdaCerificationAssesmentTest#Scenario_DragandDropTest</h3><table class="result"><tr><th>Exception</th></tr><tr><td><div class="stacktrace">java.lang.AssertionError: expected [95] but found [51]
	at com.lamdatest.tests.LamdaCerificationAssesmentTest.Scenario_DragandDropTest(LamdaCerificationAssesmentTest.java:50)
	at java.base/java.util.concurrent.ThreadPoolExecutor.runWorker(ThreadPoolExecutor.java:1128)
	at java.base/java.util.concurrent.ThreadPoolExecutor$Worker.run(ThreadPoolExecutor.java:628)
	at java.base/java.lang.Thread.run(Thread.java:834)
... Removed 15 stack frames</div></td></tr></table><p class="totop"><a href="#summary">back to summary</a></p><h3 id="m10">com.lamdatest.tests.LamdaCerificationAssesmentTest#Scenario_FormSubmitTest</h3><table class="result"><tr><th>Exception</th></tr><tr><td><div class="stacktrace">java.lang.AssertionError: expected [true] but found [false]
	at com.lamdatest.tests.LamdaCerificationAssesmentTest.Scenario_FormSubmitTest(LamdaCerificationAssesmentTest.java:65)
	at java.base/java.util.concurrent.ThreadPoolExecutor.runWorker(ThreadPoolExecutor.java:1128)
	at java.base/java.util.concurrent.ThreadPoolExecutor$Worker.run(ThreadPoolExecutor.java:628)
	at java.base/java.lang.Thread.run(Thread.java:834)
... Removed 14 stack frames</div></td></tr></table><p class="totop"><a href="#summary">back to summary</a></p><h3 id="m11">com.lamdatest.tests.LamdaCerificationAssesmentTest#Scenario_SimpleformdemoTest</h3><table class="result"><tr><th>Messages</th></tr><tr><td><div class="messages">Successfully navigated to simple-form-demo page<br/>Value Entered Welcome to LambdaTest is successfully reflected as same in your message section</div></td></tr></table><p class="totop"><a href="#summary">back to summary</a></p></body></html>