<?xml version="1.0" encoding="UTF-8"?>
<!-- Generated by org.testng.reporters.JUnitReportReporter -->
<testsuite hostname="SRAVAN-PC" failures="2" tests="12" name="com.lamdatest.tests.LamdaCerificationAssesmentTest" time="363.932" errors="0" timestamp="21 Jan 2024 14:56:03 GMT">
  <testcase classname="com.lamdatest.tests.LamdaCerificationAssesmentTest" name="Scenario_SimpleformdemoTest" time="25.311"/>
  <testcase classname="com.lamdatest.tests.LamdaCerificationAssesmentTest" name="Scenario_DragandDropTest" time="33.612">
    <failure message="expected [95] but found [51]" type="java.lang.AssertionError">
      <![CDATA[java.lang.AssertionError: expected [95] but found [51]
	at org.testng.Assert.fail(Assert.java:94)
	at org.testng.Assert.failNotEquals(Assert.java:496)
	at org.testng.Assert.assertEquals(Assert.java:125)
	at org.testng.Assert.assertEquals(Assert.java:178)
	at org.testng.Assert.assertEquals(Assert.java:188)
	at com.lamdatest.tests.LamdaCerificationAssesmentTest.Scenario_DragandDropTest(LamdaCerificationAssesmentTest.java:50)
	at java.base/jdk.internal.reflect.NativeMethodAccessorImpl.invoke0(Native Method)
	at java.base/jdk.internal.reflect.NativeMethodAccessorImpl.invoke(NativeMethodAccessorImpl.java:62)
	at java.base/jdk.internal.reflect.DelegatingMethodAccessorImpl.invoke(DelegatingMethodAccessorImpl.java:43)
	at java.base/java.lang.reflect.Method.invoke(Method.java:566)
	at org.testng.internal.MethodInvocationHelper.invokeMethod(MethodInvocationHelper.java:85)
	at org.testng.internal.Invoker.invokeMethod(Invoker.java:639)
	at org.testng.internal.Invoker.invokeTestMethod(Invoker.java:816)
	at org.testng.internal.Invoker.invokeTestMethods(Invoker.java:1124)
	at org.testng.internal.TestMethodWorker.invokeTestMethods(TestMethodWorker.java:125)
	at org.testng.internal.TestMethodWorker.run(TestMethodWorker.java:108)
	at java.base/java.util.concurrent.ThreadPoolExecutor.runWorker(ThreadPoolExecutor.java:1128)
	at java.base/java.util.concurrent.ThreadPoolExecutor$Worker.run(ThreadPoolExecutor.java:628)
	at java.base/java.lang.Thread.run(Thread.java:834)
]]>
    </failure>
  </testcase> <!-- Scenario_DragandDropTest -->
  <testcase classname="com.lamdatest.tests.LamdaCerificationAssesmentTest" name="Scenario_FormSubmitTest" time="11.421">
    <failure message="expected [true] but found [false]" type="java.lang.AssertionError">
      <![CDATA[java.lang.AssertionError: expected [true] but found [false]
	at org.testng.Assert.fail(Assert.java:94)
	at org.testng.Assert.failNotEquals(Assert.java:496)
	at org.testng.Assert.assertTrue(Assert.java:42)
	at org.testng.Assert.assertTrue(Assert.java:52)
	at com.lamdatest.tests.LamdaCerificationAssesmentTest.Scenario_FormSubmitTest(LamdaCerificationAssesmentTest.java:65)
	at java.base/jdk.internal.reflect.NativeMethodAccessorImpl.invoke0(Native Method)
	at java.base/jdk.internal.reflect.NativeMethodAccessorImpl.invoke(NativeMethodAccessorImpl.java:62)
	at java.base/jdk.internal.reflect.DelegatingMethodAccessorImpl.invoke(DelegatingMethodAccessorImpl.java:43)
	at java.base/java.lang.reflect.Method.invoke(Method.java:566)
	at org.testng.internal.MethodInvocationHelper.invokeMethod(MethodInvocationHelper.java:85)
	at org.testng.internal.Invoker.invokeMethod(Invoker.java:639)
	at org.testng.internal.Invoker.invokeTestMethod(Invoker.java:816)
	at org.testng.internal.Invoker.invokeTestMethods(Invoker.java:1124)
	at org.testng.internal.TestMethodWorker.invokeTestMethods(TestMethodWorker.java:125)
	at org.testng.internal.TestMethodWorker.run(TestMethodWorker.java:108)
	at java.base/java.util.concurrent.ThreadPoolExecutor.runWorker(ThreadPoolExecutor.java:1128)
	at java.base/java.util.concurrent.ThreadPoolExecutor$Worker.run(ThreadPoolExecutor.java:628)
	at java.base/java.lang.Thread.run(Thread.java:834)
]]>
    </failure>
  </testcase> <!-- Scenario_FormSubmitTest -->
  <testcase classname="com.lamdatest.tests.LamdaCerificationAssesmentTest" name="Scenario_DragandDropTest" time="60.716"/>
  <testcase classname="com.lamdatest.tests.LamdaCerificationAssesmentTest" name="Scenario_DragandDropTest" time="18.591"/>
  <testcase classname="com.lamdatest.tests.LamdaCerificationAssesmentTest" name="Scenario_FormSubmitTest" time="42.607"/>
  <testcase classname="com.lamdatest.tests.LamdaCerificationAssesmentTest" name="Scenario_DragandDropTest" time="33.667"/>
  <testcase classname="com.lamdatest.tests.LamdaCerificationAssesmentTest" name="Scenario_FormSubmitTest" time="24.190"/>
  <testcase classname="com.lamdatest.tests.LamdaCerificationAssesmentTest" name="Scenario_SimpleformdemoTest" time="16.874"/>
  <testcase classname="com.lamdatest.tests.LamdaCerificationAssesmentTest" name="Scenario_FormSubmitTest" time="50.275"/>
  <testcase classname="com.lamdatest.tests.LamdaCerificationAssesmentTest" name="Scenario_SimpleformdemoTest" time="25.054"/>
  <testcase classname="com.lamdatest.tests.LamdaCerificationAssesmentTest" name="Scenario_SimpleformdemoTest" time="21.614"/>
</testsuite> <!-- com.lamdatest.tests.LamdaCerificationAssesmentTest -->
